Memory system setup successful.
======================================================================

Printing all memory objects ... 

[DL1Cache]
device type = cache
write policy = WT
hit time = 2
capacity = 8192
block size = 64
associativity = 1
lower level = L2Cache

[IL1Cache]
device type = cache
write policy = WT
hit time = 2
capacity = 8192
block size = 64
associativity = 1
lower level = L2Cache

[L2Cache]
device type = cache
write policy = WB
hit time = 10
capacity = 16384
block size = 64
associativity = 4
lower level = Memory

[Memory]
device type = dram
hit time = 100

======================================================================
[IF CYCLE: 1] LOAD: (Seq:        1)(Addr: 39168)(PC: 0)
IL1Cache->access(MemRead, addr: 0, latency: 2)
CYCLE: 1 -> 2
======================================================================
Printing all cache contents ...
[DL1Cache]
[IL1Cache]
[L2Cache]
======================================================================
[IF CYCLE: 3] LOAD: (Seq:        2)(Addr: 71936)(PC: 4)
IL1Cache->access(MemRead, addr: 4, latency: 2)
CYCLE: 3 -> 4
======================================================================
Printing all cache contents ...
[DL1Cache]
[IL1Cache]
[L2Cache]
======================================================================
[IF CYCLE: 5] LOAD: (Seq:        3)(Addr: 104704)(PC: 8)
IL1Cache->access(MemRead, addr: 8, latency: 2)
CYCLE: 5 -> 6
======================================================================
Printing all cache contents ...
[DL1Cache]
[IL1Cache]
[L2Cache]
======================================================================
[MEM CYCLE: 7] LOAD: (Seq:        1)(Addr: 39168)(PC: 0)
DL1Cache->access(MemRead, addr: 39168, latency: 2)
L2Cache->access(MemRead, addr: 39168, latency: 12)
Memory->access(MemRead, addr: 39168, latency: 112)
CYCLE: 7 -> 118
======================================================================
Printing all cache contents ...
[DL1Cache]
(0, 0) tag=4:valid=1:dirty=0:age=0
[IL1Cache]
[L2Cache]
(0, 0) tag=2:valid=1:dirty=0:age=0
======================================================================
[IF CYCLE: 118] LOAD: (Seq:        4)(Addr: 137472)(PC: 12)
IL1Cache->access(MemRead, addr: 12, latency: 2)
CYCLE: 118 -> 119
======================================================================
Printing all cache contents ...
[DL1Cache]
(0, 0) tag=4:valid=1:dirty=0:age=0
[IL1Cache]
[L2Cache]
(0, 0) tag=2:valid=1:dirty=0:age=0
======================================================================
[MEM CYCLE: 120] LOAD: (Seq:        2)(Addr: 71936)(PC: 4)
DL1Cache->access(MemRead, addr: 71936, latency: 2)
L2Cache->access(MemRead, addr: 71936, latency: 12)
Memory->access(MemRead, addr: 71936, latency: 112)
CYCLE: 120 -> 231
======================================================================
Printing all cache contents ...
[DL1Cache]
(0, 0) tag=4:valid=1:dirty=0:age=1
(1, 1) tag=8:valid=1:dirty=0:age=0
[IL1Cache]
[L2Cache]
(0, 0) tag=2:valid=1:dirty=0:age=1
(0, 0) tag=4:valid=1:dirty=0:age=0
======================================================================
[IF CYCLE: 231] LOAD: (Seq:        5)(Addr: 170240)(PC: 16)
IL1Cache->access(MemRead, addr: 16, latency: 2)
CYCLE: 231 -> 232
======================================================================
Printing all cache contents ...
[DL1Cache]
(0, 0) tag=4:valid=1:dirty=0:age=1
(1, 1) tag=8:valid=1:dirty=0:age=0
[IL1Cache]
[L2Cache]
(0, 0) tag=2:valid=1:dirty=0:age=1
(0, 0) tag=4:valid=1:dirty=0:age=0
======================================================================
[MEM CYCLE: 233] LOAD: (Seq:        3)(Addr: 104704)(PC: 8)
DL1Cache->access(MemRead, addr: 104704, latency: 2)
L2Cache->access(MemRead, addr: 104704, latency: 12)
Memory->access(MemRead, addr: 104704, latency: 112)
CYCLE: 233 -> 344
======================================================================
Printing all cache contents ...
[DL1Cache]
(0, 0) tag=4:valid=1:dirty=0:age=2
(1, 1) tag=8:valid=1:dirty=0:age=1
(2, 2) tag=12:valid=1:dirty=0:age=0
[IL1Cache]
[L2Cache]
(0, 0) tag=2:valid=1:dirty=0:age=2
(0, 0) tag=4:valid=1:dirty=0:age=1
(0, 0) tag=6:valid=1:dirty=0:age=0
======================================================================
[IF CYCLE: 344] LOAD: (Seq:        6)(Addr: 39168)(PC: 20)
IL1Cache->access(MemRead, addr: 20, latency: 2)
CYCLE: 344 -> 345
======================================================================
Printing all cache contents ...
[DL1Cache]
(0, 0) tag=4:valid=1:dirty=0:age=2
(1, 1) tag=8:valid=1:dirty=0:age=1
(2, 2) tag=12:valid=1:dirty=0:age=0
[IL1Cache]
[L2Cache]
(0, 0) tag=2:valid=1:dirty=0:age=2
(0, 0) tag=4:valid=1:dirty=0:age=1
(0, 0) tag=6:valid=1:dirty=0:age=0
======================================================================
[MEM CYCLE: 346] LOAD: (Seq:        4)(Addr: 137472)(PC: 12)
DL1Cache->access(MemRead, addr: 137472, latency: 2)
L2Cache->access(MemRead, addr: 137472, latency: 12)
Memory->access(MemRead, addr: 137472, latency: 112)
CYCLE: 346 -> 457
======================================================================
Printing all cache contents ...
[DL1Cache]
(0, 0) tag=4:valid=1:dirty=0:age=3
(1, 1) tag=8:valid=1:dirty=0:age=2
(2, 2) tag=12:valid=1:dirty=0:age=1
(3, 3) tag=16:valid=1:dirty=0:age=0
[IL1Cache]
[L2Cache]
(0, 0) tag=2:valid=1:dirty=0:age=3
(0, 0) tag=4:valid=1:dirty=0:age=2
(0, 0) tag=6:valid=1:dirty=0:age=1
(0, 0) tag=8:valid=1:dirty=0:age=0
======================================================================
[IF CYCLE: 457] LOAD: (Seq:        7)(Addr: 137472)(PC: 24)
IL1Cache->access(MemRead, addr: 24, latency: 2)
CYCLE: 457 -> 458
======================================================================
Printing all cache contents ...
[DL1Cache]
(0, 0) tag=4:valid=1:dirty=0:age=3
(1, 1) tag=8:valid=1:dirty=0:age=2
(2, 2) tag=12:valid=1:dirty=0:age=1
(3, 3) tag=16:valid=1:dirty=0:age=0
[IL1Cache]
[L2Cache]
(0, 0) tag=2:valid=1:dirty=0:age=3
(0, 0) tag=4:valid=1:dirty=0:age=2
(0, 0) tag=6:valid=1:dirty=0:age=1
(0, 0) tag=8:valid=1:dirty=0:age=0
======================================================================
[MEM CYCLE: 459] LOAD: (Seq:        5)(Addr: 170240)(PC: 16)
DL1Cache->access(MemRead, addr: 170240, latency: 2)
L2Cache->access(MemRead, addr: 170240, latency: 12)
Memory->access(MemRead, addr: 170240, latency: 112)
CYCLE: 459 -> 570
======================================================================
Printing all cache contents ...
[DL1Cache]
(0, 0) tag=4:valid=1:dirty=0:age=4
(1, 1) tag=8:valid=1:dirty=0:age=3
(2, 2) tag=12:valid=1:dirty=0:age=2
(3, 3) tag=16:valid=1:dirty=0:age=1
(4, 4) tag=20:valid=1:dirty=0:age=0
[IL1Cache]
[L2Cache]
(0, 0) tag=2:valid=1:dirty=0:age=4
(0, 0) tag=4:valid=1:dirty=0:age=3
(0, 0) tag=6:valid=1:dirty=0:age=2
(0, 0) tag=8:valid=1:dirty=0:age=1
(1, 1) tag=10:valid=1:dirty=0:age=0
======================================================================
[IF CYCLE: 570] STORE: (Seq:        8)(Addr: 39168)(PC: 28)
IL1Cache->access(MemRead, addr: 28, latency: 2)
CYCLE: 570 -> 571
======================================================================
Printing all cache contents ...
[DL1Cache]
(0, 0) tag=4:valid=1:dirty=0:age=4
(1, 1) tag=8:valid=1:dirty=0:age=3
(2, 2) tag=12:valid=1:dirty=0:age=2
(3, 3) tag=16:valid=1:dirty=0:age=1
(4, 4) tag=20:valid=1:dirty=0:age=0
[IL1Cache]
[L2Cache]
(0, 0) tag=2:valid=1:dirty=0:age=4
(0, 0) tag=4:valid=1:dirty=0:age=3
(0, 0) tag=6:valid=1:dirty=0:age=2
(0, 0) tag=8:valid=1:dirty=0:age=1
(1, 1) tag=10:valid=1:dirty=0:age=0
======================================================================
[MEM CYCLE: 572] LOAD: (Seq:        6)(Addr: 39168)(PC: 20)
DL1Cache->access(MemRead, addr: 39168, latency: 2)
CYCLE: 572 -> 573
======================================================================
Printing all cache contents ...
[DL1Cache]
(0, 0) tag=4:valid=1:dirty=0:age=0
(1, 1) tag=8:valid=1:dirty=0:age=3
(2, 2) tag=12:valid=1:dirty=0:age=2
(3, 3) tag=16:valid=1:dirty=0:age=1
(4, 4) tag=20:valid=1:dirty=0:age=0
[IL1Cache]
[L2Cache]
(0, 0) tag=2:valid=1:dirty=0:age=4
(0, 0) tag=4:valid=1:dirty=0:age=3
(0, 0) tag=6:valid=1:dirty=0:age=2
(0, 0) tag=8:valid=1:dirty=0:age=1
(1, 1) tag=10:valid=1:dirty=0:age=0
======================================================================
[IF CYCLE: 573] STORE: (Seq:        9)(Addr: 71936)(PC: 32)
IL1Cache->access(MemRead, addr: 32, latency: 2)
CYCLE: 573 -> 574
======================================================================
Printing all cache contents ...
[DL1Cache]
(0, 0) tag=4:valid=1:dirty=0:age=0
(1, 1) tag=8:valid=1:dirty=0:age=3
(2, 2) tag=12:valid=1:dirty=0:age=2
(3, 3) tag=16:valid=1:dirty=0:age=1
(4, 4) tag=20:valid=1:dirty=0:age=0
[IL1Cache]
[L2Cache]
(0, 0) tag=2:valid=1:dirty=0:age=4
(0, 0) tag=4:valid=1:dirty=0:age=3
(0, 0) tag=6:valid=1:dirty=0:age=2
(0, 0) tag=8:valid=1:dirty=0:age=1
(1, 1) tag=10:valid=1:dirty=0:age=0
======================================================================
[MEM CYCLE: 575] LOAD: (Seq:        7)(Addr: 137472)(PC: 24)
DL1Cache->access(MemRead, addr: 137472, latency: 2)
CYCLE: 575 -> 576
======================================================================
Printing all cache contents ...
[DL1Cache]
(0, 0) tag=4:valid=1:dirty=0:age=1
(1, 1) tag=8:valid=1:dirty=0:age=4
(2, 2) tag=12:valid=1:dirty=0:age=3
(3, 3) tag=16:valid=1:dirty=0:age=0
(4, 4) tag=20:valid=1:dirty=0:age=0
[IL1Cache]
[L2Cache]
(0, 0) tag=2:valid=1:dirty=0:age=4
(0, 0) tag=4:valid=1:dirty=0:age=3
(0, 0) tag=6:valid=1:dirty=0:age=2
(0, 0) tag=8:valid=1:dirty=0:age=1
(1, 1) tag=10:valid=1:dirty=0:age=0
======================================================================
[IF CYCLE: 576] STORE: (Seq:       10)(Addr: 104704)(PC: 36)
IL1Cache->access(MemRead, addr: 36, latency: 2)
CYCLE: 576 -> 577
======================================================================
Printing all cache contents ...
[DL1Cache]
(0, 0) tag=4:valid=1:dirty=0:age=1
(1, 1) tag=8:valid=1:dirty=0:age=4
(2, 2) tag=12:valid=1:dirty=0:age=3
(3, 3) tag=16:valid=1:dirty=0:age=0
(4, 4) tag=20:valid=1:dirty=0:age=0
[IL1Cache]
[L2Cache]
(0, 0) tag=2:valid=1:dirty=0:age=4
(0, 0) tag=4:valid=1:dirty=0:age=3
(0, 0) tag=6:valid=1:dirty=0:age=2
(0, 0) tag=8:valid=1:dirty=0:age=1
(1, 1) tag=10:valid=1:dirty=0:age=0
======================================================================
[MEM CYCLE: 578] STORE: (Seq:        8)(Addr: 39168)(PC: 28)
DL1Cache->access(MemWrite, addr: 39168, latency: 2)
CYCLE: 578 -> 578
======================================================================
Printing all cache contents ...
[DL1Cache]
(0, 0) tag=4:valid=1:dirty=1:age=0
(1, 1) tag=8:valid=1:dirty=0:age=4
(2, 2) tag=12:valid=1:dirty=0:age=3
(3, 3) tag=16:valid=1:dirty=0:age=0
(4, 4) tag=20:valid=1:dirty=0:age=0
[IL1Cache]
[L2Cache]
(0, 0) tag=2:valid=1:dirty=0:age=4
(0, 0) tag=4:valid=1:dirty=0:age=3
(0, 0) tag=6:valid=1:dirty=0:age=2
(0, 0) tag=8:valid=1:dirty=0:age=1
(1, 1) tag=10:valid=1:dirty=0:age=0
======================================================================
[IF CYCLE: 578] STORE: (Seq:       11)(Addr: 137472)(PC: 40)
IL1Cache->access(MemRead, addr: 40, latency: 2)
CYCLE: 578 -> 579
======================================================================
Printing all cache contents ...
[DL1Cache]
(0, 0) tag=4:valid=1:dirty=1:age=0
(1, 1) tag=8:valid=1:dirty=0:age=4
(2, 2) tag=12:valid=1:dirty=0:age=3
(3, 3) tag=16:valid=1:dirty=0:age=0
(4, 4) tag=20:valid=1:dirty=0:age=0
[IL1Cache]
[L2Cache]
(0, 0) tag=2:valid=1:dirty=0:age=4
(0, 0) tag=4:valid=1:dirty=0:age=3
(0, 0) tag=6:valid=1:dirty=0:age=2
(0, 0) tag=8:valid=1:dirty=0:age=1
(1, 1) tag=10:valid=1:dirty=0:age=0
======================================================================
[MEM CYCLE: 580] STORE: (Seq:        9)(Addr: 71936)(PC: 32)
DL1Cache->access(MemWrite, addr: 71936, latency: 2)
CYCLE: 580 -> 580
======================================================================
Printing all cache contents ...
[DL1Cache]
(0, 0) tag=4:valid=1:dirty=1:age=2
(1, 1) tag=8:valid=1:dirty=1:age=0
(2, 2) tag=12:valid=1:dirty=0:age=3
(3, 3) tag=16:valid=1:dirty=0:age=0
(4, 4) tag=20:valid=1:dirty=0:age=0
[IL1Cache]
[L2Cache]
(0, 0) tag=2:valid=1:dirty=0:age=4
(0, 0) tag=4:valid=1:dirty=0:age=3
(0, 0) tag=6:valid=1:dirty=0:age=2
(0, 0) tag=8:valid=1:dirty=0:age=1
(1, 1) tag=10:valid=1:dirty=0:age=0
======================================================================
[IF CYCLE: 580] STORE: (Seq:       12)(Addr: 170240)(PC: 44)
IL1Cache->access(MemRead, addr: 44, latency: 2)
CYCLE: 580 -> 581
======================================================================
Printing all cache contents ...
[DL1Cache]
(0, 0) tag=4:valid=1:dirty=1:age=2
(1, 1) tag=8:valid=1:dirty=1:age=0
(2, 2) tag=12:valid=1:dirty=0:age=3
(3, 3) tag=16:valid=1:dirty=0:age=0
(4, 4) tag=20:valid=1:dirty=0:age=0
[IL1Cache]
[L2Cache]
(0, 0) tag=2:valid=1:dirty=0:age=4
(0, 0) tag=4:valid=1:dirty=0:age=3
(0, 0) tag=6:valid=1:dirty=0:age=2
(0, 0) tag=8:valid=1:dirty=0:age=1
(1, 1) tag=10:valid=1:dirty=0:age=0
======================================================================
[MEM CYCLE: 582] STORE: (Seq:       10)(Addr: 104704)(PC: 36)
DL1Cache->access(MemWrite, addr: 104704, latency: 2)
CYCLE: 582 -> 582
======================================================================
Printing all cache contents ...
[DL1Cache]
(0, 0) tag=4:valid=1:dirty=1:age=4
(1, 1) tag=8:valid=1:dirty=1:age=2
(2, 2) tag=12:valid=1:dirty=1:age=0
(3, 3) tag=16:valid=1:dirty=0:age=0
(4, 4) tag=20:valid=1:dirty=0:age=0
[IL1Cache]
[L2Cache]
(0, 0) tag=2:valid=1:dirty=0:age=4
(0, 0) tag=4:valid=1:dirty=0:age=3
(0, 0) tag=6:valid=1:dirty=0:age=2
(0, 0) tag=8:valid=1:dirty=0:age=1
(1, 1) tag=10:valid=1:dirty=0:age=0
======================================================================
[IF CYCLE: 582] STORE: (Seq:       13)(Addr: 39168)(PC: 48)
IL1Cache->access(MemRead, addr: 48, latency: 2)
CYCLE: 582 -> 583
======================================================================
Printing all cache contents ...
[DL1Cache]
(0, 0) tag=4:valid=1:dirty=1:age=4
(1, 1) tag=8:valid=1:dirty=1:age=2
(2, 2) tag=12:valid=1:dirty=1:age=0
(3, 3) tag=16:valid=1:dirty=0:age=0
(4, 4) tag=20:valid=1:dirty=0:age=0
[IL1Cache]
[L2Cache]
(0, 0) tag=2:valid=1:dirty=0:age=4
(0, 0) tag=4:valid=1:dirty=0:age=3
(0, 0) tag=6:valid=1:dirty=0:age=2
(0, 0) tag=8:valid=1:dirty=0:age=1
(1, 1) tag=10:valid=1:dirty=0:age=0
======================================================================
[MEM CYCLE: 584] STORE: (Seq:       11)(Addr: 137472)(PC: 40)
DL1Cache->access(MemWrite, addr: 137472, latency: 2)
CYCLE: 584 -> 584
======================================================================
Printing all cache contents ...
[DL1Cache]
(0, 0) tag=4:valid=1:dirty=1:age=6
(1, 1) tag=8:valid=1:dirty=1:age=4
(2, 2) tag=12:valid=1:dirty=1:age=2
(3, 3) tag=16:valid=1:dirty=1:age=0
(4, 4) tag=20:valid=1:dirty=0:age=0
[IL1Cache]
[L2Cache]
(0, 0) tag=2:valid=1:dirty=0:age=4
(0, 0) tag=4:valid=1:dirty=0:age=3
(0, 0) tag=6:valid=1:dirty=0:age=2
(0, 0) tag=8:valid=1:dirty=0:age=1
(1, 1) tag=10:valid=1:dirty=0:age=0
======================================================================
[IF CYCLE: 584] STORE: (Seq:       14)(Addr: 137472)(PC: 52)
IL1Cache->access(MemRead, addr: 52, latency: 2)
CYCLE: 584 -> 585
======================================================================
Printing all cache contents ...
[DL1Cache]
(0, 0) tag=4:valid=1:dirty=1:age=6
(1, 1) tag=8:valid=1:dirty=1:age=4
(2, 2) tag=12:valid=1:dirty=1:age=2
(3, 3) tag=16:valid=1:dirty=1:age=0
(4, 4) tag=20:valid=1:dirty=0:age=0
[IL1Cache]
[L2Cache]
(0, 0) tag=2:valid=1:dirty=0:age=4
(0, 0) tag=4:valid=1:dirty=0:age=3
(0, 0) tag=6:valid=1:dirty=0:age=2
(0, 0) tag=8:valid=1:dirty=0:age=1
(1, 1) tag=10:valid=1:dirty=0:age=0
======================================================================
[MEM CYCLE: 586] STORE: (Seq:       12)(Addr: 170240)(PC: 44)
DL1Cache->access(MemWrite, addr: 170240, latency: 2)
CYCLE: 586 -> 586
======================================================================
Printing all cache contents ...
[DL1Cache]
(0, 0) tag=4:valid=1:dirty=1:age=8
(1, 1) tag=8:valid=1:dirty=1:age=6
(2, 2) tag=12:valid=1:dirty=1:age=4
(3, 3) tag=16:valid=1:dirty=1:age=2
(4, 4) tag=20:valid=1:dirty=1:age=0
[IL1Cache]
[L2Cache]
(0, 0) tag=2:valid=1:dirty=0:age=4
(0, 0) tag=4:valid=1:dirty=0:age=3
(0, 0) tag=6:valid=1:dirty=0:age=2
(0, 0) tag=8:valid=1:dirty=0:age=1
(1, 1) tag=10:valid=1:dirty=0:age=0
======================================================================
[MEM CYCLE: 587] STORE: (Seq:       13)(Addr: 39168)(PC: 48)
DL1Cache->access(MemWrite, addr: 39168, latency: 2)
CYCLE: 587 -> 587
======================================================================
Printing all cache contents ...
[DL1Cache]
(0, 0) tag=4:valid=1:dirty=1:age=0
(1, 1) tag=8:valid=1:dirty=1:age=6
(2, 2) tag=12:valid=1:dirty=1:age=4
(3, 3) tag=16:valid=1:dirty=1:age=2
(4, 4) tag=20:valid=1:dirty=1:age=0
[IL1Cache]
[L2Cache]
(0, 0) tag=2:valid=1:dirty=0:age=4
(0, 0) tag=4:valid=1:dirty=0:age=3
(0, 0) tag=6:valid=1:dirty=0:age=2
(0, 0) tag=8:valid=1:dirty=0:age=1
(1, 1) tag=10:valid=1:dirty=0:age=0
======================================================================
[MEM CYCLE: 588] STORE: (Seq:       14)(Addr: 137472)(PC: 52)
DL1Cache->access(MemWrite, addr: 137472, latency: 2)
CYCLE: 588 -> 588
======================================================================
Printing all cache contents ...
[DL1Cache]
(0, 0) tag=4:valid=1:dirty=1:age=2
(1, 1) tag=8:valid=1:dirty=1:age=8
(2, 2) tag=12:valid=1:dirty=1:age=6
(3, 3) tag=16:valid=1:dirty=1:age=0
(4, 4) tag=20:valid=1:dirty=1:age=0
[IL1Cache]
[L2Cache]
(0, 0) tag=2:valid=1:dirty=0:age=4
(0, 0) tag=4:valid=1:dirty=0:age=3
(0, 0) tag=6:valid=1:dirty=0:age=2
(0, 0) tag=8:valid=1:dirty=0:age=1
(1, 1) tag=10:valid=1:dirty=0:age=0
======================================================================
======================================================================

Printing all memory stats ... 

DL1Cache:readHits=2:readMisses=5:writeHits=7:writeMisses=0:writeBacks=5
IL1Cache:readHits=14:readMisses=0:writeHits=0:writeMisses=0:writeBacks=0
L2Cache:readHits=0:readMisses=5:writeHits=0:writeMisses=0:writeBacks=0
Memory:readHits=5:writeHits=0

======================================================================
+ Memory stall cycles : 571
+ Number of cycles : 589
+ IPC (Instructions Per Cycle) : 0.0238
