Memory system setup successful.
======================================================================

Printing all memory objects ... 

[DL1Cache]
device type = cache
write policy = WT
hit time = 2
capacity = 8192
block size = 64
associativity = 1
lower level = L2Cache

[IL1Cache]
device type = cache
write policy = WT
hit time = 2
capacity = 8192
block size = 64
associativity = 1
lower level = L2Cache

[L2Cache]
device type = cache
write policy = WB
hit time = 10
capacity = 16384
block size = 64
associativity = 4
lower level = Memory

[Memory]
device type = dram
hit time = 100

======================================================================
[IF CYCLE: 1] LOAD: (Seq:        1)(Addr: 39168)(PC: 0)
IL1Cache->access(MemRead, addr: 0, latency: 2)
L2Cache->access(MemRead, addr: 0, latency: 12)
CYCLE: 1 -> 12
======================================================================
Printing all cache contents ...
[DL1Cache]
[IL1Cache]
[L2Cache]
======================================================================
[MEM CYCLE: 15] LOAD: (Seq:        1)(Addr: 39168)(PC: 0)
DL1Cache->access(MemRead, addr: 39168, latency: 2)
L2Cache->access(MemRead, addr: 39168, latency: 12)
CYCLE: 15 -> 26
======================================================================
Printing all cache contents ...
[DL1Cache]
[IL1Cache]
[L2Cache]
(0, 0) tag=2:valid=1:dirty=0:age=0
======================================================================
======================================================================

Printing all memory stats ... 

DL1Cache:readHits=0:readMisses=1:writeHits=0:writeMisses=0:writeBacks=0
IL1Cache:readHits=0:readMisses=1:writeHits=0:writeMisses=0:writeBacks=0
L2Cache:readHits=1:readMisses=1:writeHits=0:writeMisses=0:writeBacks=0
Memory:readHits=0:writeHits=0

======================================================================
+ Memory stall cycles : 22
+ Number of cycles : 27
+ IPC (Instructions Per Cycle) : 0.0370
